<?xml version="1.0" encoding="UTF-8"?>
<!-- Generated by org.testng.reporters.JUnitReportReporter -->
<testsuite skipped="0" hostname="LAPTOP-MFQE14RK" name="com.zwz.test.autowebtest.InfoTest" tests="1" failures="0" timestamp="01 三月 2020 09:16:56 GMT" time="23.519" errors="0">
  <testcase name="modifyInfo" time="23.519" classname="com.zwz.test.autowebtest.InfoTest"/>
</testsuite> <!-- com.zwz.test.autowebtest.InfoTest -->
