<?xml version="1.0" encoding="UTF-8"?>
<!-- Generated by org.testng.reporters.JUnitReportReporter -->
<testsuite skipped="0" hostname="LAPTOP-MFQE14RK" name="com.zwz.test.autowebtest.WindowSwitch" tests="1" failures="0" timestamp="01 三月 2020 07:58:50 GMT" time="35.870" errors="0">
  <testcase name="switchToWindow" time="35.870" classname="com.zwz.test.autowebtest.WindowSwitch"/>
</testsuite> <!-- com.zwz.test.autowebtest.WindowSwitch -->
